<?xml version="1.0" encoding="UTF-8"?>
<!-- Generated by org.testng.reporters.JUnitReportReporter -->
<testsuite hostname="iDeliver20-PC" name="testCases.ICEHRM_LoginTest" tests="4" failures="0" timestamp="17 Dec 2020 11:47:27 GMT" time="33.269" errors="0">
  <testcase name="Login_Test" time="9.026" classname="testCases.ICEHRM_LoginTest"/>
  <testcase name="Punch_Out_Test" time="5.866" classname="testCases.ICEHRM_LoginTest"/>
  <testcase name="Punch_In_Test" time="4.397" classname="testCases.ICEHRM_LoginTest"/>
  <testcase name="Leave_Test" time="13.980" classname="testCases.ICEHRM_LoginTest"/>
</testsuite> <!-- testCases.ICEHRM_LoginTest -->
