<?xml version="1.0" encoding="UTF-8"?>
<!-- Generated by org.testng.reporters.JUnitReportReporter -->
<testsuite hostname="iDeliver20-PC" name="testCases.ICEHRM_LoginTest" tests="1" failures="0" timestamp="11 Dec 2020 15:08:25 GMT" time="9.919" errors="0">
  <testcase name="LoginTest" time="9.919" classname="testCases.ICEHRM_LoginTest"/>
</testsuite> <!-- testCases.ICEHRM_LoginTest -->
